#
# A fatal error has been detected by the Java Runtime Environment:
#
#  EXCEPTION_ACCESS_VIOLATION (0xc0000005) at pc=0x00007ffcc12929dd, pid=9408, tid=0x0000000000000cbc
#
# JRE version: Java(TM) SE Runtime Environment (8.0_171-b11) (build 1.8.0_171-b11)
# Java VM: Java HotSpot(TM) 64-Bit Server VM (25.171-b11 mixed mode windows-amd64 compressed oops)
# Problematic frame:
# C  [lwjgl_opengl.dll+0x129dd]
#
# Failed to write core dump. Minidumps are not enabled by default on client versions of Windows
#
# If you would like to submit a bug report, please visit:
#   http://bugreport.java.com/bugreport/crash.jsp
# The crash happened outside the Java Virtual Machine in native code.
# See problematic frame for where to report the bug.
#

---------------  T H R E A D  ---------------

Current thread (0x00000000028fc000):  JavaThread "Finalizer" daemon [_thread_in_native, id=3260, stack(0x000000001acc0000,0x000000001adc0000)]

siginfo: ExceptionCode=0xc0000005, reading address 0x0000000000000a88

Registers:
RAX=0x0000000058e44d50, RBX=0x000000001982d570, RCX=0x000000000000018a, RDX=0x000000000000018b
RSP=0x000000001adbf378, RBP=0x000000001adbf3f0, RSI=0x0000000000000009, RDI=0x00000007c0006598
R8 =0x000000000000018a, R9 =0x000000000000018b, R10=0x0000000000000000, R11=0x00000000588cc460
R12=0x0000000000000000, R13=0x000000001982d568, R14=0x000000001adbf418, R15=0x00000000028fc000
RIP=0x00007ffcc12929dd, EFLAGS=0x0000000000010202

Top of Stack: (sp=0x000000001adbf378)
0x000000001adbf378:   0000000002916827 00000000028fc000
0x000000001adbf388:   000000001982d570 0000000000000009
0x000000001adbf398:   00000000028fc000 000000001adbf478
0x000000001adbf3a8:   0000000002916522 000000001adbf3b0
0x000000001adbf3b8:   000000001982d568 000000001adbf418
0x000000001adbf3c8:   000000001983a190 0000000000000000
0x000000001adbf3d8:   000000001982d570 0000000000000000
0x000000001adbf3e8:   000000001adbf410 000000001adbf460
0x000000001adbf3f8:   000000000290835d 0000000783026700
0x000000001adbf408:   00000000029121d8 000000000000018b
0x000000001adbf418:   000000000000018a 000000001adbf420
0x000000001adbf428:   00000000206aad38 000000001adbf478
0x000000001adbf438:   00000000206aae10 0000000000000000
0x000000001adbf448:   00000000206aada0 000000001adbf410
0x000000001adbf458:   000000001adbf478 000000001adbf4c0
0x000000001adbf468:   000000000290835d 0000000000000000 

Instructions: (pc=0x00007ffcc12929dd)
0x00007ffcc12929bd:   49 ff 62 70 cc cc cc cc cc cc cc cc cc cc cc cc
0x00007ffcc12929cd:   cc cc cc 48 8b 01 41 8b d1 41 8b c8 4c 8b 50 18
0x00007ffcc12929dd:   49 ff a2 88 0a 00 00 cc cc cc cc cc cc cc cc cc
0x00007ffcc12929ed:   cc cc cc 40 53 48 8b 01 41 8b d8 4c 8b 44 24 30 


Register to memory mapping:

RAX=0x0000000058e44d50 is an unknown value
RBX={method} {0x000000001982d578} 'glDetachShader' '(II)V' in 'org/lwjgl/opengl/GL20'
RCX=0x000000000000018a is an unknown value
RDX=0x000000000000018b is an unknown value
RSP=0x000000001adbf378 is pointing into the stack for thread: 0x00000000028fc000
RBP=0x000000001adbf3f0 is pointing into the stack for thread: 0x00000000028fc000
RSI=0x0000000000000009 is an unknown value
RDI=0x00000007c0006598 is pointing into metadata
R8 =0x000000000000018a is an unknown value
R9 =0x000000000000018b is an unknown value
R10=0x0000000000000000 is an unknown value
R11=0x00000000588cc460 is an unknown value
R12=0x0000000000000000 is an unknown value
R13=0x000000001982d568 is pointing into metadata
R14=0x000000001adbf418 is pointing into the stack for thread: 0x00000000028fc000
R15=0x00000000028fc000 is a thread


Stack: [0x000000001acc0000,0x000000001adc0000],  sp=0x000000001adbf378,  free space=1020k
Native frames: (J=compiled Java code, j=interpreted, Vv=VM code, C=native code)
C  [lwjgl_opengl.dll+0x129dd]

Java frames: (J=compiled Java code, j=interpreted, Vv=VM code)
j  org.lwjgl.opengl.GL20.glDetachShader(II)V+0
j  game2D.shaders.Shader.finalize()V+8
j  java.lang.System$2.invokeFinalize(Ljava/lang/Object;)V+1
j  java.lang.ref.Finalizer.runFinalizer(Lsun/misc/JavaLangAccess;)V+46
j  java.lang.ref.Finalizer.access$100(Ljava/lang/ref/Finalizer;Lsun/misc/JavaLangAccess;)V+2
j  java.lang.ref.Finalizer$FinalizerThread.run()V+45
v  ~StubRoutines::call_stub

---------------  P R O C E S S  ---------------

Java Threads: ( => current thread )
  0x0000000002802800 JavaThread "DestroyJavaVM" [_thread_blocked, id=15652, stack(0x0000000002700000,0x0000000002800000)]
  0x000000001bd52800 JavaThread "GAME_LOOP_THREAD" [_thread_in_native, id=13724, stack(0x000000001c3f0000,0x000000001c4f0000)]
  0x000000001b7ad800 JavaThread "Java2D Disposer" daemon [_thread_blocked, id=8224, stack(0x000000001c2f0000,0x000000001c3f0000)]
  0x000000001b3e0800 JavaThread "Service Thread" daemon [_thread_blocked, id=2516, stack(0x000000001b7b0000,0x000000001b8b0000)]
  0x0000000019a84800 JavaThread "C1 CompilerThread2" daemon [_thread_blocked, id=15264, stack(0x000000001b2b0000,0x000000001b3b0000)]
  0x0000000019a73000 JavaThread "C2 CompilerThread1" daemon [_thread_blocked, id=4152, stack(0x000000001b1b0000,0x000000001b2b0000)]
  0x0000000019a6f800 JavaThread "C2 CompilerThread0" daemon [_thread_blocked, id=1508, stack(0x000000001b0b0000,0x000000001b1b0000)]
  0x0000000019a6c000 JavaThread "Attach Listener" daemon [_thread_blocked, id=732, stack(0x000000001afb0000,0x000000001b0b0000)]
  0x0000000019a6a800 JavaThread "Signal Dispatcher" daemon [_thread_blocked, id=1048, stack(0x000000001aeb0000,0x000000001afb0000)]
=>0x00000000028fc000 JavaThread "Finalizer" daemon [_thread_in_native, id=3260, stack(0x000000001acc0000,0x000000001adc0000)]
  0x00000000028f1000 JavaThread "Reference Handler" daemon [_thread_blocked, id=3816, stack(0x000000001abc0000,0x000000001acc0000)]

Other Threads:
  0x0000000019a38000 VMThread [stack: 0x000000001aac0000,0x000000001abc0000] [id=10312]
  0x000000001b401800 WatcherThread [stack: 0x000000001b8b0000,0x000000001b9b0000] [id=1628]

VM state:not at safepoint (normal execution)

VM Mutex/Monitor currently owned by a thread: None

Heap:
 PSYoungGen      total 57344K, used 6840K [0x0000000780000000, 0x0000000784000000, 0x00000007c0000000)
  eden space 49152K, 3% used [0x0000000780000000,0x00000007801d9f50,0x0000000783000000)
  from space 8192K, 60% used [0x0000000783000000,0x00000007834d4168,0x0000000783800000)
  to   space 8192K, 0% used [0x0000000783800000,0x0000000783800000,0x0000000784000000)
 ParOldGen       total 131072K, used 16K [0x0000000700000000, 0x0000000708000000, 0x0000000780000000)
  object space 131072K, 0% used [0x0000000700000000,0x0000000700004000,0x0000000708000000)
 Metaspace       used 11408K, capacity 11705K, committed 11904K, reserved 1060864K
  class space    used 992K, capacity 1079K, committed 1152K, reserved 1048576K

Card table byte_map: [0x0000000011cc0000,0x00000000122d0000] byte_map_base: 0x000000000e4c0000

Marking Bits: (ParMarkBitMap*) 0x0000000058ec08c0
 Begin Bits: [0x0000000012ad0000, 0x0000000015ad0000)
 End Bits:   [0x0000000015ad0000, 0x0000000018ad0000)

Polling page: 0x0000000000bb0000

CodeCache: size=245760Kb used=3962Kb max_used=3975Kb free=241797Kb
 bounds [0x0000000002900000, 0x0000000002cf0000, 0x0000000011900000]
 total_blobs=2033 nmethods=1126 adapters=821
 compilation: enabled

Compilation events (10 events):
Event: 3.672 Thread 0x0000000019a84800 1118       3       java.nio.DirectByteBuffer$Deallocator::run (37 bytes)
Event: 3.672 Thread 0x0000000019a84800 nmethod 1118 0x0000000002cdaa90 code [0x0000000002cdac00, 0x0000000002cdaed8]
Event: 3.672 Thread 0x0000000019a84800 1116       3       java.nio.Bits::unreserveMemory (63 bytes)
Event: 3.672 Thread 0x0000000019a84800 nmethod 1116 0x0000000002cdd410 code [0x0000000002cdd580, 0x0000000002cdd9d0]
Event: 3.672 Thread 0x0000000019a84800 1119       3       java.util.concurrent.atomic.AtomicLong::decrementAndGet (16 bytes)
Event: 3.672 Thread 0x0000000019a84800 nmethod 1119 0x0000000002cda750 code [0x0000000002cda8a0, 0x0000000002cdaa10]
Event: 3.673 Thread 0x0000000019a73000 1120   !   4       java.lang.ref.Reference::tryHandlePending (115 bytes)
Event: 3.674 Thread 0x0000000019a6f800 1121  s    4       sun.misc.Cleaner::remove (89 bytes)
Event: 3.675 Thread 0x0000000019a6f800 nmethod 1121 0x0000000002ce0a10 code [0x0000000002ce0b60, 0x0000000002ce0e58]
Event: 3.675 Thread 0x0000000019a6f800 1122       4       java.nio.DirectByteBuffer$Deallocator::run (37 bytes)

GC Heap History (2 events):
Event: 3.664 GC heap before
{Heap before GC invocations=1 (full 0):
 PSYoungGen      total 57344K, used 49152K [0x0000000780000000, 0x0000000784000000, 0x00000007c0000000)
  eden space 49152K, 100% used [0x0000000780000000,0x0000000783000000,0x0000000783000000)
  from space 8192K, 0% used [0x0000000783800000,0x0000000783800000,0x0000000784000000)
  to   space 8192K, 0% used [0x0000000783000000,0x0000000783000000,0x0000000783800000)
 ParOldGen       total 131072K, used 0K [0x0000000700000000, 0x0000000708000000, 0x0000000780000000)
  object space 131072K, 0% used [0x0000000700000000,0x0000000700000000,0x0000000708000000)
 Metaspace       used 11405K, capacity 11641K, committed 11904K, reserved 1060864K
  class space    used 992K, capacity 1079K, committed 1152K, reserved 1048576K
Event: 3.670 GC heap after
Heap after GC invocations=1 (full 0):
 PSYoungGen      total 57344K, used 4944K [0x0000000780000000, 0x0000000784000000, 0x00000007c0000000)
  eden space 49152K, 0% used [0x0000000780000000,0x0000000780000000,0x0000000783000000)
  from space 8192K, 60% used [0x0000000783000000,0x00000007834d4168,0x0000000783800000)
  to   space 8192K, 0% used [0x0000000783800000,0x0000000783800000,0x0000000784000000)
 ParOldGen       total 131072K, used 16K [0x0000000700000000, 0x0000000708000000, 0x0000000780000000)
  object space 131072K, 0% used [0x0000000700000000,0x0000000700004000,0x0000000708000000)
 Metaspace       used 11405K, capacity 11641K, committed 11904K, reserved 1060864K
  class space    used 992K, capacity 1079K, committed 1152K, reserved 1048576K
}

Deoptimization events (1 events):
Event: 0.354 Thread 0x000000001bd52800 Uncommon trap: reason=unstable_if action=reinterpret pc=0x0000000002af0818 method=java.lang.String.indexOf([CII[CIII)I @ 3

Classes redefined (0 events):
No events

Internal exceptions (10 events):
Event: 1.462 Thread 0x000000001bd52800 Exception <a 'java/lang/ArrayIndexOutOfBoundsException'> (0x0000000781683e88) thrown at [C:\re\workspace\8-2-build-windows-amd64-cygwin\jdk8u171\10807\hotspot\src\share\vm\runtime\sharedRuntime.cpp, line 605]
Event: 1.465 Thread 0x000000001bd52800 Exception <a 'java/lang/ArrayIndexOutOfBoundsException'> (0x00000007816868c0) thrown at [C:\re\workspace\8-2-build-windows-amd64-cygwin\jdk8u171\10807\hotspot\src\share\vm\runtime\sharedRuntime.cpp, line 605]
Event: 1.467 Thread 0x000000001bd52800 Exception <a 'java/lang/ArrayIndexOutOfBoundsException'> (0x00000007816892f8) thrown at [C:\re\workspace\8-2-build-windows-amd64-cygwin\jdk8u171\10807\hotspot\src\share\vm\runtime\sharedRuntime.cpp, line 605]
Event: 1.470 Thread 0x000000001bd52800 Exception <a 'java/lang/ArrayIndexOutOfBoundsException'> (0x000000078168bd30) thrown at [C:\re\workspace\8-2-build-windows-amd64-cygwin\jdk8u171\10807\hotspot\src\share\vm\runtime\sharedRuntime.cpp, line 605]
Event: 1.487 Thread 0x000000001bd52800 Exception <a 'java/lang/ArrayIndexOutOfBoundsException'> (0x00000007817f1950) thrown at [C:\re\workspace\8-2-build-windows-amd64-cygwin\jdk8u171\10807\hotspot\src\share\vm\runtime\sharedRuntime.cpp, line 605]
Event: 1.489 Thread 0x000000001bd52800 Exception <a 'java/lang/ArrayIndexOutOfBoundsException'> (0x00000007817f4388) thrown at [C:\re\workspace\8-2-build-windows-amd64-cygwin\jdk8u171\10807\hotspot\src\share\vm\runtime\sharedRuntime.cpp, line 605]
Event: 1.492 Thread 0x000000001bd52800 Exception <a 'java/lang/ArrayIndexOutOfBoundsException'> (0x00000007817f6dc0) thrown at [C:\re\workspace\8-2-build-windows-amd64-cygwin\jdk8u171\10807\hotspot\src\share\vm\runtime\sharedRuntime.cpp, line 605]
Event: 1.495 Thread 0x000000001bd52800 Exception <a 'java/lang/ArrayIndexOutOfBoundsException'> (0x00000007817f97f8) thrown at [C:\re\workspace\8-2-build-windows-amd64-cygwin\jdk8u171\10807\hotspot\src\share\vm\runtime\sharedRuntime.cpp, line 605]
Event: 1.497 Thread 0x000000001bd52800 Exception <a 'java/lang/ArrayIndexOutOfBoundsException'> (0x00000007817fc230) thrown at [C:\re\workspace\8-2-build-windows-amd64-cygwin\jdk8u171\10807\hotspot\src\share\vm\runtime\sharedRuntime.cpp, line 605]
Event: 1.500 Thread 0x000000001bd52800 Exception <a 'java/lang/ArrayIndexOutOfBoundsException'> (0x00000007817fecc0) thrown at [C:\re\workspace\8-2-build-windows-amd64-cygwin\jdk8u171\10807\hotspot\src\share\vm\runtime\sharedRuntime.cpp, line 605]

Events (10 events):
Event: 1.811 Thread 0x000000001bd52800 DEOPT PACKING pc=0x0000000002c20a4b sp=0x000000001c4ee630
Event: 1.811 Thread 0x000000001bd52800 DEOPT UNPACKING pc=0x0000000002947490 sp=0x000000001c4ee430 mode 0
Event: 2.146 Thread 0x000000001bd52800 DEOPT PACKING pc=0x0000000002c6c5ca sp=0x000000001c4eea60
Event: 2.146 Thread 0x000000001bd52800 DEOPT UNPACKING pc=0x0000000002947490 sp=0x000000001c4ee790 mode 0
Event: 2.146 Thread 0x000000001bd52800 DEOPT PACKING pc=0x0000000002c6d65a sp=0x000000001c4ee920
Event: 2.146 Thread 0x000000001bd52800 DEOPT UNPACKING pc=0x0000000002947490 sp=0x000000001c4ee688 mode 0
Event: 2.440 loading class java/nio/DirectByteBuffer$1
Event: 2.440 loading class java/nio/DirectByteBuffer$1 done
Event: 3.663 Executing VM operation: ParallelGCFailedAllocation
Event: 3.670 Executing VM operation: ParallelGCFailedAllocation done


Dynamic libraries:
0x00007ff6a7b50000 - 0x00007ff6a7b87000 	C:\Program Files\Java\jre1.8.0_171\bin\javaw.exe
0x00007ffcefa60000 - 0x00007ffcefc41000 	C:\WINDOWS\SYSTEM32\ntdll.dll
0x00007ffcecef0000 - 0x00007ffcecfa2000 	C:\WINDOWS\System32\KERNEL32.DLL
0x00007ffcec7e0000 - 0x00007ffceca53000 	C:\WINDOWS\System32\KERNELBASE.dll
0x00007ffced1b0000 - 0x00007ffced251000 	C:\WINDOWS\System32\ADVAPI32.dll
0x00007ffcedcd0000 - 0x00007ffcedd6e000 	C:\WINDOWS\System32\msvcrt.dll
0x00007ffcecfb0000 - 0x00007ffced00b000 	C:\WINDOWS\System32\sechost.dll
0x00007ffcef880000 - 0x00007ffcef9a4000 	C:\WINDOWS\System32\RPCRT4.dll
0x00007ffced470000 - 0x00007ffced600000 	C:\WINDOWS\System32\USER32.dll
0x00007ffcecdf0000 - 0x00007ffcece10000 	C:\WINDOWS\System32\win32u.dll
0x00007ffced180000 - 0x00007ffced1a8000 	C:\WINDOWS\System32\GDI32.dll
0x00007ffcebe30000 - 0x00007ffcebfc2000 	C:\WINDOWS\System32\gdi32full.dll
0x00007ffcecb60000 - 0x00007ffcecbff000 	C:\WINDOWS\System32\msvcp_win.dll
0x00007ffceca60000 - 0x00007ffcecb5a000 	C:\WINDOWS\System32\ucrtbase.dll
0x00007ffccea50000 - 0x00007ffccecb9000 	C:\WINDOWS\WinSxS\amd64_microsoft.windows.common-controls_6595b64144ccf1df_6.0.17134.112_none_fb3f961b30681c12\COMCTL32.dll
0x00007ffcede30000 - 0x00007ffcee153000 	C:\WINDOWS\System32\combase.dll
0x00007ffcece70000 - 0x00007ffceceea000 	C:\WINDOWS\System32\bcryptPrimitives.dll
0x00007ffced600000 - 0x00007ffced62d000 	C:\WINDOWS\System32\IMM32.DLL
0x0000000058420000 - 0x00000000584f2000 	C:\Program Files\Java\jre1.8.0_171\bin\msvcr100.dll
0x00000000586a0000 - 0x0000000058f40000 	C:\Program Files\Java\jre1.8.0_171\bin\server\jvm.dll
0x00007ffced170000 - 0x00007ffced178000 	C:\WINDOWS\System32\PSAPI.DLL
0x00007ffcd8910000 - 0x00007ffcd8919000 	C:\WINDOWS\SYSTEM32\WSOCK32.dll
0x00007ffcd8bf0000 - 0x00007ffcd8c13000 	C:\WINDOWS\SYSTEM32\WINMM.dll
0x00007ffce27c0000 - 0x00007ffce27ca000 	C:\WINDOWS\SYSTEM32\VERSION.dll
0x00007ffced310000 - 0x00007ffced37c000 	C:\WINDOWS\System32\WS2_32.dll
0x00007ffcd8bc0000 - 0x00007ffcd8bea000 	C:\WINDOWS\SYSTEM32\WINMMBASE.dll
0x00007ffcec080000 - 0x00007ffcec0c9000 	C:\WINDOWS\System32\cfgmgr32.dll
0x000000005acf0000 - 0x000000005acff000 	C:\Program Files\Java\jre1.8.0_171\bin\verify.dll
0x0000000058670000 - 0x0000000058699000 	C:\Program Files\Java\jre1.8.0_171\bin\java.dll
0x000000005acd0000 - 0x000000005ace6000 	C:\Program Files\Java\jre1.8.0_171\bin\zip.dll
0x00007ffcee390000 - 0x00007ffcef7d0000 	C:\WINDOWS\System32\SHELL32.dll
0x00007ffced260000 - 0x00007ffced309000 	C:\WINDOWS\System32\shcore.dll
0x00007ffcec0d0000 - 0x00007ffcec7dd000 	C:\WINDOWS\System32\windows.storage.dll
0x00007ffcedd70000 - 0x00007ffceddc1000 	C:\WINDOWS\System32\shlwapi.dll
0x00007ffcebde0000 - 0x00007ffcebdf1000 	C:\WINDOWS\System32\kernel.appcore.dll
0x00007ffcebe00000 - 0x00007ffcebe1f000 	C:\WINDOWS\System32\profapi.dll
0x00007ffcebd70000 - 0x00007ffcebdbc000 	C:\WINDOWS\System32\powrprof.dll
0x00007ffcebe20000 - 0x00007ffcebe2a000 	C:\WINDOWS\System32\FLTLIB.DLL
0x0000000058280000 - 0x0000000058418000 	C:\Program Files\Java\jre1.8.0_171\bin\awt.dll
0x00007ffcedc00000 - 0x00007ffcedcc2000 	C:\WINDOWS\System32\OLEAUT32.dll
0x00007ffce9e30000 - 0x00007ffce9ebb000 	C:\WINDOWS\SYSTEM32\apphelp.dll
0x00007ffcc28c0000 - 0x00007ffcc291b000 	D:\workspace\java\fancyEngine\lib\jars\lwjgl3\lwjgl\lwjgl.dll
0x0000000058650000 - 0x000000005866a000 	C:\Program Files\Java\jre1.8.0_171\bin\net.dll
0x00007ffceb5f0000 - 0x00007ffceb656000 	C:\WINDOWS\system32\mswsock.dll
0x0000000058630000 - 0x0000000058641000 	C:\Program Files\Java\jre1.8.0_171\bin\nio.dll
0x00007ffcc12e0000 - 0x00007ffcc1331000 	D:\workspace\java\fancyEngine\lib\jars\lwjgl3\lwjgl-glfw\glfw.dll
0x00007ffcea2b0000 - 0x00007ffcea348000 	C:\WINDOWS\system32\uxtheme.dll
0x00007ffce0160000 - 0x00007ffce01a3000 	C:\WINDOWS\SYSTEM32\dinput8.dll
0x00007ffcdc600000 - 0x00007ffcdc610000 	C:\WINDOWS\SYSTEM32\xinput1_4.dll
0x00007ffcebb80000 - 0x00007ffcebba7000 	C:\WINDOWS\SYSTEM32\DEVOBJ.dll
0x00007ffcd7e00000 - 0x00007ffcd7e79000 	C:\WINDOWS\SYSTEM32\inputhost.dll
0x00007ffce6c50000 - 0x00007ffce6d9d000 	C:\WINDOWS\SYSTEM32\wintypes.dll
0x00007ffce98b0000 - 0x00007ffce998a000 	C:\WINDOWS\SYSTEM32\CoreMessaging.dll
0x00007ffcd7e80000 - 0x00007ffcd819e000 	C:\WINDOWS\SYSTEM32\CoreUIComponents.dll
0x00007ffceae60000 - 0x00007ffceae91000 	C:\WINDOWS\SYSTEM32\ntmarta.dll
0x00007ffcea500000 - 0x00007ffcea529000 	C:\WINDOWS\SYSTEM32\dwmapi.dll
0x00007ffceda80000 - 0x00007ffcedbf5000 	C:\WINDOWS\System32\MSCTF.dll
0x00007ffceaaa0000 - 0x00007ffceaaac000 	C:\WINDOWS\SYSTEM32\HID.DLL
0x00007ffced630000 - 0x00007ffceda7b000 	C:\WINDOWS\System32\SETUPAPI.DLL
0x00007ffcece10000 - 0x00007ffcece67000 	C:\WINDOWS\System32\WINTRUST.dll
0x00007ffcebdc0000 - 0x00007ffcebdd2000 	C:\WINDOWS\System32\MSASN1.dll
0x00007ffcecc00000 - 0x00007ffcecde2000 	C:\WINDOWS\System32\CRYPT32.dll
0x00007ffcbf780000 - 0x00007ffcbf8a0000 	C:\WINDOWS\SYSTEM32\opengl32.dll
0x00007ffcda700000 - 0x00007ffcda72c000 	C:\WINDOWS\SYSTEM32\GLU32.dll
0x00007ffcda650000 - 0x00007ffcda668000 	C:\WINDOWS\SYSTEM32\atig6pxx.dll
0x0000000056480000 - 0x0000000058280000 	C:\WINDOWS\SYSTEM32\atio6axx.dll
0x00007ffca92b0000 - 0x00007ffca93f1000 	C:\WINDOWS\SYSTEM32\atiadlxx.dll
0x00007ffced010000 - 0x00007ffced161000 	C:\WINDOWS\System32\ole32.dll
0x00007ffce7200000 - 0x00007ffce73b4000 	C:\WINDOWS\SYSTEM32\PROPSYS.dll
0x00007ffcebca0000 - 0x00007ffcebcc8000 	C:\WINDOWS\SYSTEM32\USERENV.dll
0x00007ffce8940000 - 0x00007ffce8953000 	C:\WINDOWS\SYSTEM32\WTSAPI32.dll
0x00007ffceb310000 - 0x00007ffceb348000 	C:\WINDOWS\SYSTEM32\IPHLPAPI.DLL
0x00007ffcda610000 - 0x00007ffcda63c000 	C:\WINDOWS\SYSTEM32\atig6txx.dll
0x00007ffceab30000 - 0x00007ffceabeb000 	C:\WINDOWS\SYSTEM32\dxgi.dll
0x00007ffce8960000 - 0x00007ffce8c6b000 	C:\WINDOWS\SYSTEM32\d3d11.dll
0x00007ffcd7b70000 - 0x00007ffcd7cd7000 	C:\WINDOWS\SYSTEM32\aticfx64.dll
0x00007ffcd6b60000 - 0x00007ffcd6b88000 	C:\WINDOWS\SYSTEM32\atiuxp64.dll
0x00007ffcd6000000 - 0x00007ffcd6b5f000 	C:\WINDOWS\SYSTEM32\atidxx64.dll
0x00007ffcd8420000 - 0x00007ffcd84b8000 	C:\WINDOWS\System32\TextInputFramework.dll
0x00007ffcc1280000 - 0x00007ffcc12df000 	D:\workspace\java\fancyEngine\lib\jars\lwjgl3\lwjgl-opengl\lwjgl_opengl.dll
0x00007ffce7d10000 - 0x00007ffce7ed9000 	C:\WINDOWS\SYSTEM32\dbghelp.dll

VM Arguments:
jvm_args: -Djava.library.path=D:\workspace\java\fancyEngine\lib\jars\lwjgl3\lwjgl;D:\workspace\java\fancyEngine\lib\jars\lwjgl3\lwjgl-assimp;D:\workspace\java\fancyEngine\lib\jars\lwjgl3\lwjgl-glfw;D:\workspace\java\fancyEngine\lib\jars\lwjgl3\lwjgl-openal;D:\workspace\java\fancyEngine\lib\jars\lwjgl3\lwjgl-opengl;D:\workspace\java\fancyEngine\lib\jars\lwjgl3\lwjgl-stb;D:\workspace\java\fancyEngine\lib\jars\lwjgl3\lwjgl-nanovg -Dfile.encoding=UTF-8 
java_command: game.Main
java_class_path (initial): C:\Program Files\Java\jre1.8.0_171\lib\resources.jar;C:\Program Files\Java\jre1.8.0_171\lib\rt.jar;C:\Program Files\Java\jre1.8.0_171\lib\jsse.jar;C:\Program Files\Java\jre1.8.0_171\lib\jce.jar;C:\Program Files\Java\jre1.8.0_171\lib\charsets.jar;C:\Program Files\Java\jre1.8.0_171\lib\jfr.jar;C:\Program Files\Java\jre1.8.0_171\lib\ext\access-bridge-64.jar;C:\Program Files\Java\jre1.8.0_171\lib\ext\cldrdata.jar;C:\Program Files\Java\jre1.8.0_171\lib\ext\dnsns.jar;C:\Program Files\Java\jre1.8.0_171\lib\ext\jaccess.jar;C:\Program Files\Java\jre1.8.0_171\lib\ext\jfxrt.jar;C:\Program Files\Java\jre1.8.0_171\lib\ext\localedata.jar;C:\Program Files\Java\jre1.8.0_171\lib\ext\nashorn.jar;C:\Program Files\Java\jre1.8.0_171\lib\ext\sunec.jar;C:\Program Files\Java\jre1.8.0_171\lib\ext\sunjce_provider.jar;C:\Program Files\Java\jre1.8.0_171\lib\ext\sunmscapi.jar;C:\Program Files\Java\jre1.8.0_171\lib\ext\sunpkcs11.jar;C:\Program Files\Java\jre1.8.0_171\lib\ext\zipfs.jar;D:\workspace\java\fancyEngine\bin;D:\workspace\java\fancyEngine\lib\jars\joml\joml-1.9.9.jar;D:\workspace\java\fancyEngine\lib\jars\lwjgl3\lwjgl\lwjgl.jar;D:\workspace\java\fancyEngine\lib\jars\lwjgl3\lwjgl-assimp\lwjgl-assimp.jar;D:\workspace\java\fancyEngine\lib\jars\lwjgl3\lwjgl-glfw\lwjgl-glfw.jar;D:\workspace\java\fancyEngine\lib\jars\lwjgl3\lwjgl-openal\lwjgl-openal.jar;D:\workspace\java\fancyEngine\lib\jars\lwjgl3\lwjgl-opengl\lwjgl-opengl.jar;D:\workspace\java\fancyEngine\lib\jars\lwjgl3\lwjgl-stb\lwjgl-stb.jar;D:\workspace\java\fancyEngine\lib\jars\PNGDecoder.jar;D:\workspace\java\fancyEngine\lib\jars\lwjgl3\lwjgl-nanovg\lwjgl-nanovg.jar
Launcher Type: SUN_STANDARD

Environment Variables:
JAVA_HOME=C:\Program Files\Java\jdk1.8.0_152
PATH=C:/Program Files/Java/jre1.8.0_171/bin/server;C:/Program Files/Java/jre1.8.0_171/bin;C:/Program Files/Java/jre1.8.0_171/lib/amd64;C:\Program Files (x86)\Common Files\Oracle\Java\javapath;C:\ProgramData\Oracle\Java\javapath;C:\WINDOWS\system32;C:\WINDOWS;C:\WINDOWS\System32\Wbem;C:\WINDOWS\System32\WindowsPowerShell\v1.0\;C:\Program Files (x86)\ATI Technologies\ATI.ACE\Core-Static;C:\Program Files\TortoiseSVN\bin;C:\Program Files\PuTTY\;C:\Program Files (x86);C:\Program Files (x86)\IVI Foundation\VISA\WinNT\Bin;C:\Program Files\Git\cmd;C:\Program Files\nodejs\;D:\Android\Sdk\platform-tools;C:\Program Files\TortoiseGit\bin;C:\Program Files (x86)\Windows Kits\10\Windows Performance Toolkit\;C:\Program Files (x86)\Windows Kits\8.1\Windows Performance Toolkit\;C:\HashiCorp\Vagrant\bin;C:\WINDOWS\System32\OpenSSH\;D:\Python\Python36\Scripts\;D:\Python\Python36\;C:\Users\dtrajko\AppData\Local\Microsoft\WindowsApps;C:\Users\dtrajko\AppData\Roaming\npm;C:\Program Files\CMake\bin;C:\Users\dtrajko\Desktop;
USERNAME=Dejan Trajkovic
OS=Windows_NT
PROCESSOR_IDENTIFIER=Intel64 Family 6 Model 30 Stepping 5, GenuineIntel



---------------  S Y S T E M  ---------------

OS: Windows 10.0 , 64 bit Build 17134 (10.0.17134.1)

CPU:total 4 (initial active 4) (4 cores per cpu, 1 threads per core) family 6 model 30 stepping 5, cmov, cx8, fxsr, mmx, sse, sse2, sse3, ssse3, sse4.1, sse4.2, popcnt, tsc, tscinvbit

Memory: 4k page, physical 12578284k(5155424k free), swap 18083308k(5251716k free)

vm_info: Java HotSpot(TM) 64-Bit Server VM (25.171-b11) for windows-amd64 JRE (1.8.0_171-b11), built on Mar 28 2018 16:06:12 by "java_re" with MS VC++ 10.0 (VS2010)

time: Mon Jun 18 02:44:27 2018
elapsed time: 3 seconds (0d 0h 0m 3s)

