#
# A fatal error has been detected by the Java Runtime Environment:
#
#  EXCEPTION_ACCESS_VIOLATION (0xc0000005) at pc=0x0000000068c7b669, pid=20268, tid=0x0000000000003c08
#
# JRE version: Java(TM) SE Runtime Environment (8.0_171-b11) (build 1.8.0_171-b11)
# Java VM: Java HotSpot(TM) 64-Bit Server VM (25.171-b11 mixed mode windows-amd64 compressed oops)
# Problematic frame:
# C  [atio6axx.dll+0xd4b669]
#
# Failed to write core dump. Minidumps are not enabled by default on client versions of Windows
#
# If you would like to submit a bug report, please visit:
#   http://bugreport.java.com/bugreport/crash.jsp
# The crash happened outside the Java Virtual Machine in native code.
# See problematic frame for where to report the bug.
#

---------------  T H R E A D  ---------------

Current thread (0x000000001b4a5000):  JavaThread "GAME_LOOP_THREAD" [_thread_in_native, id=15368, stack(0x000000001b930000,0x000000001ba30000)]

siginfo: ExceptionCode=0xc0000005, reading address 0x0000000000000000

Registers:
RAX=0x0000000000000000, RBX=0x0000000000000000, RCX=0x0000000000000000, RDX=0x0000000000000000
RSP=0x000000001ba2eec0, RBP=0x000000001ba2efc0, RSI=0x0000000000000001, RDI=0x0000000000000000
R8 =0x0000000000000001, R9 =0x000000001b6ec918, R10=0x000000001edeb4f0, R11=0x0000000000000002
R12=0x000000001b6ec918, R13=0x000000001b6ec914, R14=0x000000001b6ec914, R15=0x000000001efb8f10
RIP=0x0000000068c7b669, EFLAGS=0x0000000000010256

Top of Stack: (sp=0x000000001ba2eec0)
0x000000001ba2eec0:   0000000019a1f470 0000003800000003
0x000000001ba2eed0:   0000000019a1f848 000000001b4a5000
0x000000001ba2eee0:   00000000195e22f0 000000001b4a5000
0x000000001ba2eef0:   0000000000000000 0000000000000000
0x000000001ba2ef00:   0000000000000000 0000000000000000
0x000000001ba2ef10:   0000000000990010 0000000000000001
0x000000001ba2ef20:   0000000000000000 0000000000000000
0x000000001ba2ef30:   0000000000000000 0000000000000000
0x000000001ba2ef40:   0000000000000000 0000000000000000
0x000000001ba2ef50:   000000001ba2ef00 00000000028d12a0
0x000000001ba2ef60:   0000000000000000 00000000028d12c4
0x000000001ba2ef70:   00000000028d16a0 0000000000000000
0x000000001ba2ef80:   0000000000000000 0000000000000000
0x000000001ba2ef90:   00000000028d12a0 000000006c010000
0x000000001ba2efa0:   000000001ba2ef00 0000000000000000
0x000000001ba2efb0:   0000000000000000 0000000000000000 

Instructions: (pc=0x0000000068c7b669)
0x0000000068c7b649:   8b 1c 24 33 c0 48 89 44 24 30 48 89 44 24 38 48
0x0000000068c7b659:   89 44 24 40 48 85 ff 7f 0c 48 83 cf ff 48 ff c7
0x0000000068c7b669:   38 04 3b 75 f8 48 8d 57 01 48 8d 4c 24 30 e8 54
0x0000000068c7b679:   bc 36 ff 48 8b 74 24 30 48 85 ff 7e 1a 48 8b d6 


Register to memory mapping:

RAX=0x0000000000000000 is an unknown value
RBX=0x0000000000000000 is an unknown value
RCX=0x0000000000000000 is an unknown value
RDX=0x0000000000000000 is an unknown value
RSP=0x000000001ba2eec0 is pointing into the stack for thread: 0x000000001b4a5000
RBP=0x000000001ba2efc0 is pointing into the stack for thread: 0x000000001b4a5000
RSI=0x0000000000000001 is an unknown value
RDI=0x0000000000000000 is an unknown value
R8 =0x0000000000000001 is an unknown value
R9 =0x000000001b6ec918 is an unknown value
R10=0x000000001edeb4f0 is an unknown value
R11=0x0000000000000002 is an unknown value
R12=0x000000001b6ec918 is an unknown value
R13=0x000000001b6ec914 is an unknown value
R14=0x000000001b6ec914 is an unknown value
R15=0x000000001efb8f10 is an unknown value


Stack: [0x000000001b930000,0x000000001ba30000],  sp=0x000000001ba2eec0,  free space=1019k
Native frames: (J=compiled Java code, j=interpreted, Vv=VM code, C=native code)
C  [atio6axx.dll+0xd4b669]
C  [atio6axx.dll+0xd39303]
C  [atio6axx.dll+0x1f564d]
C  [atio6axx.dll+0xa0e861]
C  0x0000000002886827

Java frames: (J=compiled Java code, j=interpreted, Vv=VM code)
j  org.lwjgl.opengl.GL20.nglShaderSource(IIJJ)V+0
j  org.lwjgl.opengl.GL20.glShaderSource(ILjava/lang/CharSequence;)V+38
j  graph.ShaderProgram.createShader(Ljava/lang/String;I)I+35
j  graph.ShaderProgram.createVertexShader(Ljava/lang/String;)V+5
j  game.Renderer.init()V+96
j  game.Game.init(Lengine/Window;)V+4
j  engine.GameEngine.init()V+22
j  engine.GameEngine.run()V+1
j  java.lang.Thread.run()V+11
v  ~StubRoutines::call_stub

---------------  P R O C E S S  ---------------

Java Threads: ( => current thread )
  0x000000000273e800 JavaThread "DestroyJavaVM" [_thread_blocked, id=3112, stack(0x00000000025f0000,0x00000000026f0000)]
=>0x000000001b4a5000 JavaThread "GAME_LOOP_THREAD" [_thread_in_native, id=15368, stack(0x000000001b930000,0x000000001ba30000)]
  0x000000001b351800 JavaThread "Service Thread" daemon [_thread_blocked, id=19512, stack(0x000000001b730000,0x000000001b830000)]
  0x00000000199ec800 JavaThread "C1 CompilerThread2" daemon [_thread_blocked, id=15272, stack(0x000000001b230000,0x000000001b330000)]
  0x00000000199e8800 JavaThread "C2 CompilerThread1" daemon [_thread_blocked, id=17504, stack(0x000000001b130000,0x000000001b230000)]
  0x00000000199e1800 JavaThread "C2 CompilerThread0" daemon [_thread_blocked, id=14544, stack(0x000000001b030000,0x000000001b130000)]
  0x00000000199de800 JavaThread "Attach Listener" daemon [_thread_blocked, id=17312, stack(0x000000001af30000,0x000000001b030000)]
  0x00000000199dd000 JavaThread "Signal Dispatcher" daemon [_thread_blocked, id=12960, stack(0x000000001ae30000,0x000000001af30000)]
  0x00000000199ca800 JavaThread "Finalizer" daemon [_thread_blocked, id=9512, stack(0x000000001ac40000,0x000000001ad40000)]
  0x00000000199a9000 JavaThread "Reference Handler" daemon [_thread_blocked, id=15608, stack(0x000000001ab40000,0x000000001ac40000)]

Other Threads:
  0x00000000199a7800 VMThread [stack: 0x000000001aa40000,0x000000001ab40000] [id=7724]
  0x000000001b37e000 WatcherThread [stack: 0x000000001b830000,0x000000001b930000] [id=12728]

VM state:not at safepoint (normal execution)

VM Mutex/Monitor currently owned by a thread: None

Heap:
 PSYoungGen      total 57344K, used 14330K [0x0000000780000000, 0x0000000784000000, 0x00000007c0000000)
  eden space 49152K, 29% used [0x0000000780000000,0x0000000780dfe9f0,0x0000000783000000)
  from space 8192K, 0% used [0x0000000783800000,0x0000000783800000,0x0000000784000000)
  to   space 8192K, 0% used [0x0000000783000000,0x0000000783000000,0x0000000783800000)
 ParOldGen       total 131072K, used 0K [0x0000000700000000, 0x0000000708000000, 0x0000000780000000)
  object space 131072K, 0% used [0x0000000700000000,0x0000000700000000,0x0000000708000000)
 Metaspace       used 8198K, capacity 8381K, committed 8576K, reserved 1056768K
  class space    used 756K, capacity 847K, committed 896K, reserved 1048576K

Card table byte_map: [0x0000000011c30000,0x0000000012240000] byte_map_base: 0x000000000e430000

Marking Bits: (ParMarkBitMap*) 0x000000006caf08c0
 Begin Bits: [0x0000000012a40000, 0x0000000015a40000)
 End Bits:   [0x0000000015a40000, 0x0000000018a40000)

Polling page: 0x00000000008d0000

CodeCache: size=245760Kb used=2696Kb max_used=2707Kb free=243063Kb
 bounds [0x0000000002870000, 0x0000000002b20000, 0x0000000011870000]
 total_blobs=1424 nmethods=612 adapters=726
 compilation: enabled

Compilation events (10 events):
Event: 0.866 Thread 0x00000000199e8800 nmethod 605 0x0000000002b13c10 code [0x0000000002b13d60, 0x0000000002b14178]
Event: 0.866 Thread 0x00000000199ec800  609       3       java.lang.invoke.MethodTypeForm::canonicalizeAll (66 bytes)
Event: 0.867 Thread 0x00000000199ec800 nmethod 609 0x0000000002b12bd0 code [0x0000000002b12d80, 0x0000000002b133b8]
Event: 0.867 Thread 0x00000000199ec800  608       3       java.lang.invoke.MethodType::checkRtype (6 bytes)
Event: 0.867 Thread 0x00000000199ec800 nmethod 608 0x0000000002b12710 code [0x0000000002b12880, 0x0000000002b12ae8]
Event: 0.867 Thread 0x00000000199ec800  611       3       jdk.internal.org.objectweb.asm.Item::<init> (5 bytes)
Event: 0.867 Thread 0x00000000199e8800  612       4       jdk.internal.org.objectweb.asm.ClassWriter::get (49 bytes)
Event: 0.867 Thread 0x00000000199ec800 nmethod 611 0x0000000002b12350 code [0x0000000002b124a0, 0x0000000002b12650]
Event: 0.867 Thread 0x00000000199ec800  610       3       java.lang.invoke.MethodType$ConcurrentWeakInternSet$WeakEntry::<init> (15 bytes)
Event: 0.867 Thread 0x00000000199ec800 nmethod 610 0x0000000002b11c50 code [0x0000000002b11de0, 0x0000000002b121c8]

GC Heap History (0 events):
No events

Deoptimization events (1 events):
Event: 0.264 Thread 0x000000001b4a5000 Uncommon trap: reason=unstable_if action=reinterpret pc=0x0000000002a19af0 method=java.lang.String.indexOf([CII[CIII)I @ 3

Classes redefined (0 events):
No events

Internal exceptions (10 events):
Event: 0.301 Thread 0x000000001b4a5000 Exception <a 'sun/nio/fs/WindowsException'> (0x0000000780699320) thrown at [C:\re\workspace\8-2-build-windows-amd64-cygwin\jdk8u171\10807\hotspot\src\share\vm\prims\jni.cpp, line 709]
Event: 0.301 Thread 0x000000001b4a5000 Exception <a 'sun/nio/fs/WindowsException'> (0x00000007806998e8) thrown at [C:\re\workspace\8-2-build-windows-amd64-cygwin\jdk8u171\10807\hotspot\src\share\vm\prims\jni.cpp, line 709]
Event: 0.532 Thread 0x000000001b4a5000 Exception <a 'sun/nio/fs/WindowsException'> (0x00000007807426e8) thrown at [C:\re\workspace\8-2-build-windows-amd64-cygwin\jdk8u171\10807\hotspot\src\share\vm\prims\jni.cpp, line 709]
Event: 0.532 Thread 0x000000001b4a5000 Exception <a 'sun/nio/fs/WindowsException'> (0x0000000780742cb8) thrown at [C:\re\workspace\8-2-build-windows-amd64-cygwin\jdk8u171\10807\hotspot\src\share\vm\prims\jni.cpp, line 709]
Event: 0.532 Thread 0x000000001b4a5000 Exception <a 'sun/nio/fs/WindowsException'> (0x0000000780743860) thrown at [C:\re\workspace\8-2-build-windows-amd64-cygwin\jdk8u171\10807\hotspot\src\share\vm\prims\jni.cpp, line 709]
Event: 0.532 Thread 0x000000001b4a5000 Exception <a 'sun/nio/fs/WindowsException'> (0x0000000780743e78) thrown at [C:\re\workspace\8-2-build-windows-amd64-cygwin\jdk8u171\10807\hotspot\src\share\vm\prims\jni.cpp, line 709]
Event: 0.532 Thread 0x000000001b4a5000 Exception <a 'sun/nio/fs/WindowsException'> (0x0000000780744a10) thrown at [C:\re\workspace\8-2-build-windows-amd64-cygwin\jdk8u171\10807\hotspot\src\share\vm\prims\jni.cpp, line 709]
Event: 0.532 Thread 0x000000001b4a5000 Exception <a 'sun/nio/fs/WindowsException'> (0x0000000780745010) thrown at [C:\re\workspace\8-2-build-windows-amd64-cygwin\jdk8u171\10807\hotspot\src\share\vm\prims\jni.cpp, line 709]
Event: 0.532 Thread 0x000000001b4a5000 Exception <a 'sun/nio/fs/WindowsException'> (0x0000000780745bb8) thrown at [C:\re\workspace\8-2-build-windows-amd64-cygwin\jdk8u171\10807\hotspot\src\share\vm\prims\jni.cpp, line 709]
Event: 0.532 Thread 0x000000001b4a5000 Exception <a 'sun/nio/fs/WindowsException'> (0x00000007807461d0) thrown at [C:\re\workspace\8-2-build-windows-amd64-cygwin\jdk8u171\10807\hotspot\src\share\vm\prims\jni.cpp, line 709]

Events (10 events):
Event: 0.865 loading class java/lang/Throwable$PrintStreamOrWriter done
Event: 0.865 loading class java/lang/Throwable$WrappedPrintStream done
Event: 0.865 loading class java/util/IdentityHashMap
Event: 0.865 loading class java/util/IdentityHashMap done
Event: 0.865 loading class java/util/IdentityHashMap$KeySet
Event: 0.866 loading class java/util/IdentityHashMap$KeySet done
Event: 0.866 loading class org/lwjgl/system/APIUtil$Encoder
Event: 0.866 loading class org/lwjgl/system/APIUtil$Encoder done
Event: 0.866 loading class org/lwjgl/system/APIUtil$Encoder
Event: 0.866 loading class org/lwjgl/system/APIUtil$Encoder done


Dynamic libraries:
0x00007ff70b4a0000 - 0x00007ff70b4d7000 	C:\Program Files\Java\jre1.8.0_171\bin\javaw.exe
0x00007ff9a5b70000 - 0x00007ff9a5d51000 	C:\WINDOWS\SYSTEM32\ntdll.dll
0x00007ff9a4fb0000 - 0x00007ff9a5062000 	C:\WINDOWS\System32\KERNEL32.DLL
0x00007ff9a2920000 - 0x00007ff9a2b93000 	C:\WINDOWS\System32\KERNELBASE.dll
0x00007ff9a5790000 - 0x00007ff9a5831000 	C:\WINDOWS\System32\ADVAPI32.dll
0x00007ff9a46a0000 - 0x00007ff9a473e000 	C:\WINDOWS\System32\msvcrt.dll
0x00007ff9a4d20000 - 0x00007ff9a4d7b000 	C:\WINDOWS\System32\sechost.dll
0x00007ff9a4d90000 - 0x00007ff9a4eb4000 	C:\WINDOWS\System32\RPCRT4.dll
0x00007ff9a58c0000 - 0x00007ff9a5a50000 	C:\WINDOWS\System32\USER32.dll
0x00007ff9a2c40000 - 0x00007ff9a2c60000 	C:\WINDOWS\System32\win32u.dll
0x00007ff9a47e0000 - 0x00007ff9a4808000 	C:\WINDOWS\System32\GDI32.dll
0x00007ff9a2c60000 - 0x00007ff9a2df2000 	C:\WINDOWS\System32\gdi32full.dll
0x00007ff9a2ba0000 - 0x00007ff9a2c3f000 	C:\WINDOWS\System32\msvcp_win.dll
0x00007ff9a2f00000 - 0x00007ff9a2ffa000 	C:\WINDOWS\System32\ucrtbase.dll
0x00007ff986890000 - 0x00007ff986af9000 	C:\WINDOWS\WinSxS\amd64_microsoft.windows.common-controls_6595b64144ccf1df_6.0.17134.48_none_b4b2216a3cb4dd3e\COMCTL32.dll
0x00007ff9a5240000 - 0x00007ff9a5563000 	C:\WINDOWS\System32\combase.dll
0x00007ff9a28a0000 - 0x00007ff9a291a000 	C:\WINDOWS\System32\bcryptPrimitives.dll
0x00007ff9a4740000 - 0x00007ff9a476d000 	C:\WINDOWS\System32\IMM32.DLL
0x000000006c1f0000 - 0x000000006c2c2000 	C:\Program Files\Java\jre1.8.0_171\bin\msvcr100.dll
0x000000006c2d0000 - 0x000000006cb70000 	C:\Program Files\Java\jre1.8.0_171\bin\server\jvm.dll
0x00007ff9a3250000 - 0x00007ff9a3258000 	C:\WINDOWS\System32\PSAPI.DLL
0x00007ff998ac0000 - 0x00007ff998ac9000 	C:\WINDOWS\SYSTEM32\WSOCK32.dll
0x00007ff99dc60000 - 0x00007ff99dc83000 	C:\WINDOWS\SYSTEM32\WINMM.dll
0x00007ff99efc0000 - 0x00007ff99efca000 	C:\WINDOWS\SYSTEM32\VERSION.dll
0x00007ff9a4770000 - 0x00007ff9a47dc000 	C:\WINDOWS\System32\WS2_32.dll
0x00007ff99dc30000 - 0x00007ff99dc5a000 	C:\WINDOWS\SYSTEM32\WINMMBASE.dll
0x00007ff9a2eb0000 - 0x00007ff9a2ef9000 	C:\WINDOWS\System32\cfgmgr32.dll
0x000000006d750000 - 0x000000006d75f000 	C:\Program Files\Java\jre1.8.0_171\bin\verify.dll
0x000000006d720000 - 0x000000006d749000 	C:\Program Files\Java\jre1.8.0_171\bin\java.dll
0x000000006d700000 - 0x000000006d716000 	C:\Program Files\Java\jre1.8.0_171\bin\zip.dll
0x00007ff9a3260000 - 0x00007ff9a46a0000 	C:\WINDOWS\System32\SHELL32.dll
0x00007ff9a31a0000 - 0x00007ff9a3249000 	C:\WINDOWS\System32\shcore.dll
0x00007ff9a1f40000 - 0x00007ff9a264d000 	C:\WINDOWS\System32\windows.storage.dll
0x00007ff9a4cc0000 - 0x00007ff9a4d11000 	C:\WINDOWS\System32\shlwapi.dll
0x00007ff9a1f00000 - 0x00007ff9a1f11000 	C:\WINDOWS\System32\kernel.appcore.dll
0x00007ff9a1e80000 - 0x00007ff9a1e9f000 	C:\WINDOWS\System32\profapi.dll
0x00007ff9a1ea0000 - 0x00007ff9a1eec000 	C:\WINDOWS\System32\powrprof.dll
0x00007ff9a1ef0000 - 0x00007ff9a1efa000 	C:\WINDOWS\System32\FLTLIB.DLL
0x00007ff972380000 - 0x00007ff9723db000 	D:\workspace\java\fancyEngine\lib\jars\lwjgl3\lwjgl\lwjgl.dll
0x000000006d6e0000 - 0x000000006d6fa000 	C:\Program Files\Java\jre1.8.0_171\bin\net.dll
0x00007ff9a16a0000 - 0x00007ff9a1706000 	C:\WINDOWS\system32\mswsock.dll
0x000000006d6c0000 - 0x000000006d6d1000 	C:\Program Files\Java\jre1.8.0_171\bin\nio.dll
0x00007ff972320000 - 0x00007ff972371000 	D:\workspace\java\fancyEngine\lib\jars\lwjgl3\lwjgl-glfw\glfw.dll
0x00007ff9a0890000 - 0x00007ff9a0928000 	C:\WINDOWS\system32\uxtheme.dll
0x00007ff9969d0000 - 0x00007ff996a13000 	C:\WINDOWS\SYSTEM32\dinput8.dll
0x00007ff99c690000 - 0x00007ff99c6a0000 	C:\WINDOWS\SYSTEM32\xinput1_4.dll
0x00007ff9a1c90000 - 0x00007ff9a1cb7000 	C:\WINDOWS\SYSTEM32\DEVOBJ.dll
0x00007ff98d080000 - 0x00007ff98d0f9000 	C:\WINDOWS\SYSTEM32\inputhost.dll
0x00007ff99e7b0000 - 0x00007ff99e8fd000 	C:\WINDOWS\SYSTEM32\wintypes.dll
0x00007ff9a0020000 - 0x00007ff9a00fa000 	C:\WINDOWS\SYSTEM32\CoreMessaging.dll
0x00007ff99e900000 - 0x00007ff99ec1e000 	C:\WINDOWS\SYSTEM32\CoreUIComponents.dll
0x00007ff9a1020000 - 0x00007ff9a1051000 	C:\WINDOWS\SYSTEM32\ntmarta.dll
0x00007ff9a0960000 - 0x00007ff9a0989000 	C:\WINDOWS\SYSTEM32\dwmapi.dll
0x00007ff9a5570000 - 0x00007ff9a56e5000 	C:\WINDOWS\System32\MSCTF.dll
0x00007ff9a4ec0000 - 0x00007ff9a4f82000 	C:\WINDOWS\System32\OLEAUT32.dll
0x000000006b8e0000 - 0x000000006b91c000 	C:\Fraps\fraps64.dll
0x00007ff9a0fc0000 - 0x00007ff9a0fcc000 	C:\WINDOWS\SYSTEM32\HID.DLL
0x00007ff9a4870000 - 0x00007ff9a4cbb000 	C:\WINDOWS\System32\SETUPAPI.DLL
0x00007ff9a2650000 - 0x00007ff9a26a7000 	C:\WINDOWS\System32\WINTRUST.dll
0x00007ff9a1f20000 - 0x00007ff9a1f32000 	C:\WINDOWS\System32\MSASN1.dll
0x00007ff9a26b0000 - 0x00007ff9a2892000 	C:\WINDOWS\System32\CRYPT32.dll
0x00007ff96a770000 - 0x00007ff96a890000 	C:\WINDOWS\SYSTEM32\opengl32.dll
0x00007ff97dca0000 - 0x00007ff97dccc000 	C:\WINDOWS\SYSTEM32\GLU32.dll
0x00007ff998960000 - 0x00007ff998978000 	C:\WINDOWS\SYSTEM32\atig6pxx.dll
0x0000000067f30000 - 0x0000000069d30000 	C:\WINDOWS\SYSTEM32\atio6axx.dll
0x00007ff978400000 - 0x00007ff978541000 	C:\WINDOWS\SYSTEM32\atiadlxx.dll
0x00007ff9a50e0000 - 0x00007ff9a5231000 	C:\WINDOWS\System32\ole32.dll
0x00007ff9a1d80000 - 0x00007ff9a1da8000 	C:\WINDOWS\SYSTEM32\USERENV.dll
0x00007ff999850000 - 0x00007ff999a04000 	C:\WINDOWS\SYSTEM32\PROPSYS.dll
0x00007ff99c0b0000 - 0x00007ff99c0c3000 	C:\WINDOWS\SYSTEM32\WTSAPI32.dll
0x00007ff9a1420000 - 0x00007ff9a1458000 	C:\WINDOWS\SYSTEM32\IPHLPAPI.DLL
0x00007ff996a50000 - 0x00007ff996a7c000 	C:\WINDOWS\SYSTEM32\atig6txx.dll
0x00007ff9a0c30000 - 0x00007ff9a0ceb000 	C:\WINDOWS\SYSTEM32\dxgi.dll
0x00007ff99f170000 - 0x00007ff99f47b000 	C:\WINDOWS\SYSTEM32\d3d11.dll
0x00007ff99dc90000 - 0x00007ff99ddf7000 	C:\WINDOWS\SYSTEM32\aticfx64.dll
0x00007ff99dc00000 - 0x00007ff99dc28000 	C:\WINDOWS\SYSTEM32\atiuxp64.dll
0x00007ff99d0a0000 - 0x00007ff99dbff000 	C:\WINDOWS\SYSTEM32\atidxx64.dll
0x00007ff98d100000 - 0x00007ff98d198000 	C:\WINDOWS\System32\TextInputFramework.dll
0x00007ff9722c0000 - 0x00007ff97231f000 	D:\workspace\java\fancyEngine\lib\jars\lwjgl3\lwjgl-opengl\lwjgl_opengl.dll
0x00007ff99cb90000 - 0x00007ff99cd59000 	C:\WINDOWS\SYSTEM32\dbghelp.dll

VM Arguments:
jvm_args: -Djava.library.path=D:\workspace\java\fancyEngine\lib\jars\lwjgl3\lwjgl;D:\workspace\java\fancyEngine\lib\jars\lwjgl3\lwjgl-assimp;D:\workspace\java\fancyEngine\lib\jars\lwjgl3\lwjgl-glfw;D:\workspace\java\fancyEngine\lib\jars\lwjgl3\lwjgl-openal;D:\workspace\java\fancyEngine\lib\jars\lwjgl3\lwjgl-opengl;D:\workspace\java\fancyEngine\lib\jars\lwjgl3\lwjgl-stb -Dfile.encoding=UTF-8 
java_command: game.Main
java_class_path (initial): C:\Program Files\Java\jre1.8.0_171\lib\resources.jar;C:\Program Files\Java\jre1.8.0_171\lib\rt.jar;C:\Program Files\Java\jre1.8.0_171\lib\jsse.jar;C:\Program Files\Java\jre1.8.0_171\lib\jce.jar;C:\Program Files\Java\jre1.8.0_171\lib\charsets.jar;C:\Program Files\Java\jre1.8.0_171\lib\jfr.jar;C:\Program Files\Java\jre1.8.0_171\lib\ext\access-bridge-64.jar;C:\Program Files\Java\jre1.8.0_171\lib\ext\cldrdata.jar;C:\Program Files\Java\jre1.8.0_171\lib\ext\dnsns.jar;C:\Program Files\Java\jre1.8.0_171\lib\ext\jaccess.jar;C:\Program Files\Java\jre1.8.0_171\lib\ext\jfxrt.jar;C:\Program Files\Java\jre1.8.0_171\lib\ext\localedata.jar;C:\Program Files\Java\jre1.8.0_171\lib\ext\nashorn.jar;C:\Program Files\Java\jre1.8.0_171\lib\ext\sunec.jar;C:\Program Files\Java\jre1.8.0_171\lib\ext\sunjce_provider.jar;C:\Program Files\Java\jre1.8.0_171\lib\ext\sunmscapi.jar;C:\Program Files\Java\jre1.8.0_171\lib\ext\sunpkcs11.jar;C:\Program Files\Java\jre1.8.0_171\lib\ext\zipfs.jar;D:\workspace\java\fancyEngine\bin;D:\workspace\java\fancyEngine\lib\jars\joml\joml-1.9.9.jar;D:\workspace\java\fancyEngine\lib\jars\lwjgl3\lwjgl\lwjgl.jar;D:\workspace\java\fancyEngine\lib\jars\lwjgl3\lwjgl-assimp\lwjgl-assimp.jar;D:\workspace\java\fancyEngine\lib\jars\lwjgl3\lwjgl-glfw\lwjgl-glfw.jar;D:\workspace\java\fancyEngine\lib\jars\lwjgl3\lwjgl-openal\lwjgl-openal.jar;D:\workspace\java\fancyEngine\lib\jars\lwjgl3\lwjgl-opengl\lwjgl-opengl.jar;D:\workspace\java\fancyEngine\lib\jars\lwjgl3\lwjgl-stb\lwjgl-stb.jar
Launcher Type: SUN_STANDARD

Environment Variables:
JAVA_HOME=C:\Program Files\Java\jdk1.8.0_152
PATH=C:/Program Files/Java/jre1.8.0_171/bin/server;C:/Program Files/Java/jre1.8.0_171/bin;C:/Program Files/Java/jre1.8.0_171/lib/amd64;C:\Program Files (x86)\Common Files\Oracle\Java\javapath;C:\ProgramData\Oracle\Java\javapath;C:\WINDOWS\system32;C:\WINDOWS;C:\WINDOWS\System32\Wbem;C:\WINDOWS\System32\WindowsPowerShell\v1.0\;C:\Program Files (x86)\ATI Technologies\ATI.ACE\Core-Static;C:\Program Files\TortoiseSVN\bin;C:\Program Files\PuTTY\;C:\Program Files (x86);C:\Program Files (x86)\IVI Foundation\VISA\WinNT\Bin;C:\Program Files\Git\cmd;C:\Program Files\nodejs\;D:\Android\Sdk\platform-tools;C:\Program Files\TortoiseGit\bin;C:\Program Files (x86)\Windows Kits\10\Windows Performance Toolkit\;C:\Program Files (x86)\Windows Kits\8.1\Windows Performance Toolkit\;C:\HashiCorp\Vagrant\bin;C:\WINDOWS\System32\OpenSSH\;D:\Python\Python36\Scripts\;D:\Python\Python36\;C:\Users\dtrajko\AppData\Local\Microsoft\WindowsApps;C:\Users\dtrajko\AppData\Roaming\npm;;C:\Users\dtrajko\Desktop;
USERNAME=Dejan Trajkovic
OS=Windows_NT
PROCESSOR_IDENTIFIER=Intel64 Family 6 Model 30 Stepping 5, GenuineIntel



---------------  S Y S T E M  ---------------

OS: Windows 10.0 , 64 bit Build 17134 (10.0.17134.1)

CPU:total 4 (initial active 4) (4 cores per cpu, 1 threads per core) family 6 model 30 stepping 5, cmov, cx8, fxsr, mmx, sse, sse2, sse3, ssse3, sse4.1, sse4.2, popcnt, tsc, tscinvbit

Memory: 4k page, physical 12578284k(2861476k free), swap 20227772k(2773536k free)

vm_info: Java HotSpot(TM) 64-Bit Server VM (25.171-b11) for windows-amd64 JRE (1.8.0_171-b11), built on Mar 28 2018 16:06:12 by "java_re" with MS VC++ 10.0 (VS2010)

time: Sun May 20 18:12:58 2018
elapsed time: 0 seconds (0d 0h 0m 0s)

