#
# A fatal error has been detected by the Java Runtime Environment:
#
#  EXCEPTION_ACCESS_VIOLATION (0xc0000005) at pc=0x0000000053ccb669, pid=6224, tid=0x0000000000004d38
#
# JRE version: Java(TM) SE Runtime Environment (8.0_171-b11) (build 1.8.0_171-b11)
# Java VM: Java HotSpot(TM) 64-Bit Server VM (25.171-b11 mixed mode windows-amd64 compressed oops)
# Problematic frame:
# C  [atio6axx.dll+0xd4b669]
#
# Failed to write core dump. Minidumps are not enabled by default on client versions of Windows
#
# If you would like to submit a bug report, please visit:
#   http://bugreport.java.com/bugreport/crash.jsp
# The crash happened outside the Java Virtual Machine in native code.
# See problematic frame for where to report the bug.
#

---------------  T H R E A D  ---------------

Current thread (0x000000001b5b5000):  JavaThread "GAME_LOOP_THREAD" [_thread_in_native, id=19768, stack(0x000000001c270000,0x000000001c370000)]

siginfo: ExceptionCode=0xc0000005, reading address 0x0000000000000000

Registers:
RAX=0x0000000000000000, RBX=0x0000000000000000, RCX=0x0000000000000000, RDX=0x0000000000000000
RSP=0x000000001c36e8d0, RBP=0x000000001c36e9d0, RSI=0x0000000000000001, RDI=0x0000000000000000
R8 =0x0000000000000001, R9 =0x000000001b7ab088, R10=0x000000001bcfbc00, R11=0x0000000056fec460
R12=0x000000001b7ab088, R13=0x000000001b7ab084, R14=0x000000001b7ab084, R15=0x000000001fb70bd0
RIP=0x0000000053ccb669, EFLAGS=0x0000000000010256

Top of Stack: (sp=0x000000001c36e8d0)
0x000000001c36e8d0:   000000001c36e938 00000000029b7de5
0x000000001c36e8e0:   000000001c36e928 00000000029b7de5
0x000000001c36e8f0:   0000000000000000 000000001c36e8f8
0x000000001c36e900:   0000000000000000 0000000000000000
0x000000001c36e910:   0000000000000000 0000000000000000
0x000000001c36e920:   0000000000b24010 0000000000000001
0x000000001c36e930:   000000001c36e970 000000001c36e9d0
0x000000001c36e940:   00000000029b7da0 0000000000000000
0x000000001c36e950:   0000000000000000 0000000000000000
0x000000001c36e960:   0000000000000000 0000000000000000
0x000000001c36e970:   0000000000000000 0000000780f8aa08
0x000000001c36e980:   0000000000000000 0000000780f8a978
0x000000001c36e990:   000000001c36e990 0000000056fa36e0
0x000000001c36e9a0:   000000001c36ea00 00000000196ae198
0x000000001c36e9b0:   0000000000000000 000000001966ecc8
0x000000001c36e9c0:   0000000019935d00 0000000002c559b9 

Instructions: (pc=0x0000000053ccb669)
0x0000000053ccb649:   8b 1c 24 33 c0 48 89 44 24 30 48 89 44 24 38 48
0x0000000053ccb659:   89 44 24 40 48 85 ff 7f 0c 48 83 cf ff 48 ff c7
0x0000000053ccb669:   38 04 3b 75 f8 48 8d 57 01 48 8d 4c 24 30 e8 54
0x0000000053ccb679:   bc 36 ff 48 8b 74 24 30 48 85 ff 7e 1a 48 8b d6 


Register to memory mapping:

RAX=0x0000000000000000 is an unknown value
RBX=0x0000000000000000 is an unknown value
RCX=0x0000000000000000 is an unknown value
RDX=0x0000000000000000 is an unknown value
RSP=0x000000001c36e8d0 is pointing into the stack for thread: 0x000000001b5b5000
RBP=0x000000001c36e9d0 is pointing into the stack for thread: 0x000000001b5b5000
RSI=0x0000000000000001 is an unknown value
RDI=0x0000000000000000 is an unknown value
R8 =0x0000000000000001 is an unknown value
R9 =0x000000001b7ab088 is an unknown value
R10=0x000000001bcfbc00 is an unknown value
R11=0x0000000056fec460 is an unknown value
R12=0x000000001b7ab088 is an unknown value
R13=0x000000001b7ab084 is an unknown value
R14=0x000000001b7ab084 is an unknown value
R15=0x000000001fb70bd0 is an unknown value


Stack: [0x000000001c270000,0x000000001c370000],  sp=0x000000001c36e8d0,  free space=1018k
Native frames: (J=compiled Java code, j=interpreted, Vv=VM code, C=native code)
C  [atio6axx.dll+0xd4b669]
C  [atio6axx.dll+0xd39303]
C  [atio6axx.dll+0x1f564d]
C  [atio6axx.dll+0x725feb]
C  0x00000000029c6827

Java frames: (J=compiled Java code, j=interpreted, Vv=VM code)
j  org.lwjgl.opengl.GL20.nglShaderSource(IIJJ)V+0
j  org.lwjgl.opengl.GL20.glShaderSource(ILjava/lang/CharSequence;)V+38
j  engine.graph.ShaderProgram.createShader(Ljava/lang/String;I)I+36
j  engine.graph.ShaderProgram.createVertexShader(Ljava/lang/String;)V+6
j  engine.graph.Renderer.setupParticlesShader()V+20
j  engine.graph.Renderer.init(Lengine/Window;Lengine/Scene;)V+24
j  game.Game3D.init(Lengine/Window;)V+26
j  engine.GameEngine.init()V+33
j  engine.GameEngine.run()V+1
j  java.lang.Thread.run()V+11
v  ~StubRoutines::call_stub

---------------  P R O C E S S  ---------------

Java Threads: ( => current thread )
  0x00000000027b2800 JavaThread "DestroyJavaVM" [_thread_blocked, id=8728, stack(0x0000000002690000,0x0000000002790000)]
=>0x000000001b5b5000 JavaThread "GAME_LOOP_THREAD" [_thread_in_native, id=19768, stack(0x000000001c270000,0x000000001c370000)]
  0x0000000019b7d800 JavaThread "Service Thread" daemon [_thread_blocked, id=9968, stack(0x000000001b870000,0x000000001b970000)]
  0x0000000019b2c800 JavaThread "C1 CompilerThread2" daemon [_thread_blocked, id=3636, stack(0x000000001b370000,0x000000001b470000)]
  0x0000000019b21000 JavaThread "C2 CompilerThread1" daemon [_thread_blocked, id=8884, stack(0x000000001b270000,0x000000001b370000)]
  0x0000000019b1d800 JavaThread "C2 CompilerThread0" daemon [_thread_blocked, id=19372, stack(0x000000001b170000,0x000000001b270000)]
  0x0000000019b27800 JavaThread "Attach Listener" daemon [_thread_blocked, id=18932, stack(0x000000001b070000,0x000000001b170000)]
  0x0000000019b26800 JavaThread "Signal Dispatcher" daemon [_thread_blocked, id=7520, stack(0x000000001af70000,0x000000001b070000)]
  0x0000000019b0a800 JavaThread "Finalizer" daemon [_thread_blocked, id=18508, stack(0x000000001ad80000,0x000000001ae80000)]
  0x00000000028a3000 JavaThread "Reference Handler" daemon [_thread_blocked, id=12860, stack(0x000000001ac80000,0x000000001ad80000)]

Other Threads:
  0x0000000019ae7800 VMThread [stack: 0x000000001ab80000,0x000000001ac80000] [id=15556]
  0x000000001b4ba800 WatcherThread [stack: 0x000000001b970000,0x000000001ba70000] [id=6088]

VM state:not at safepoint (normal execution)

VM Mutex/Monitor currently owned by a thread: None

Heap:
 PSYoungGen      total 57344K, used 16400K [0x0000000780000000, 0x0000000784000000, 0x00000007c0000000)
  eden space 49152K, 33% used [0x0000000780000000,0x00000007810040b8,0x0000000783000000)
  from space 8192K, 0% used [0x0000000783800000,0x0000000783800000,0x0000000784000000)
  to   space 8192K, 0% used [0x0000000783000000,0x0000000783000000,0x0000000783800000)
 ParOldGen       total 131072K, used 0K [0x0000000700000000, 0x0000000708000000, 0x0000000780000000)
  object space 131072K, 0% used [0x0000000700000000,0x0000000700000000,0x0000000708000000)
 Metaspace       used 9022K, capacity 9307K, committed 9472K, reserved 1058816K
  class space    used 811K, capacity 918K, committed 1024K, reserved 1048576K

Card table byte_map: [0x0000000011d70000,0x0000000012380000] byte_map_base: 0x000000000e570000

Marking Bits: (ParMarkBitMap*) 0x00000000575e08c0
 Begin Bits: [0x0000000012b80000, 0x0000000015b80000)
 End Bits:   [0x0000000015b80000, 0x0000000018b80000)

Polling page: 0x0000000000ed0000

CodeCache: size=245760Kb used=2816Kb max_used=2824Kb free=242943Kb
 bounds [0x00000000029b0000, 0x0000000002c80000, 0x00000000119b0000]
 total_blobs=1507 nmethods=649 adapters=772
 compilation: enabled

Compilation events (10 events):
Event: 1.015 Thread 0x0000000019b21000 nmethod 644 0x0000000002c6bf50 code [0x0000000002c6c080, 0x0000000002c6c0d8]
Event: 1.020 Thread 0x0000000019b1d800 nmethod 645 0x0000000002c6b5d0 code [0x0000000002c6b720, 0x0000000002c6bb38]
Event: 1.021 Thread 0x0000000019b2c800  646       3       java.lang.Integer::valueOf (32 bytes)
Event: 1.021 Thread 0x0000000019b2c800 nmethod 646 0x0000000002c74350 code [0x0000000002c744c0, 0x0000000002c74810]
Event: 1.021 Thread 0x0000000019b2c800  647       3       java.lang.String::toString (2 bytes)
Event: 1.021 Thread 0x0000000019b2c800 nmethod 647 0x0000000002c6b2d0 code [0x0000000002c6b420, 0x0000000002c6b570]
Event: 1.021 Thread 0x0000000019b2c800  648       1       org.lwjgl.system.MemoryStack::getPointer (5 bytes)
Event: 1.021 Thread 0x0000000019b2c800 nmethod 648 0x0000000002c74090 code [0x0000000002c741e0, 0x0000000002c742f0]
Event: 1.032 Thread 0x0000000019b2c800  649       3       java.nio.charset.CoderResult::isUnderflow (13 bytes)
Event: 1.032 Thread 0x0000000019b2c800 nmethod 649 0x0000000002c73d10 code [0x0000000002c73e60, 0x0000000002c74010]

GC Heap History (0 events):
No events

Deoptimization events (1 events):
Event: 0.353 Thread 0x000000001b5b5000 Uncommon trap: reason=unstable_if action=reinterpret pc=0x0000000002b6b3dc method=java.lang.String.indexOf([CII[CIII)I @ 3

Classes redefined (0 events):
No events

Internal exceptions (10 events):
Event: 0.663 Thread 0x000000001b5b5000 Exception <a 'sun/nio/fs/WindowsException'> (0x000000078089e600) thrown at [C:\re\workspace\8-2-build-windows-amd64-cygwin\jdk8u171\10807\hotspot\src\share\vm\prims\jni.cpp, line 709]
Event: 0.663 Thread 0x000000001b5b5000 Exception <a 'sun/nio/fs/WindowsException'> (0x000000078089ebd0) thrown at [C:\re\workspace\8-2-build-windows-amd64-cygwin\jdk8u171\10807\hotspot\src\share\vm\prims\jni.cpp, line 709]
Event: 0.663 Thread 0x000000001b5b5000 Exception <a 'sun/nio/fs/WindowsException'> (0x000000078089f778) thrown at [C:\re\workspace\8-2-build-windows-amd64-cygwin\jdk8u171\10807\hotspot\src\share\vm\prims\jni.cpp, line 709]
Event: 0.663 Thread 0x000000001b5b5000 Exception <a 'sun/nio/fs/WindowsException'> (0x000000078089fd90) thrown at [C:\re\workspace\8-2-build-windows-amd64-cygwin\jdk8u171\10807\hotspot\src\share\vm\prims\jni.cpp, line 709]
Event: 0.664 Thread 0x000000001b5b5000 Exception <a 'sun/nio/fs/WindowsException'> (0x00000007808a0928) thrown at [C:\re\workspace\8-2-build-windows-amd64-cygwin\jdk8u171\10807\hotspot\src\share\vm\prims\jni.cpp, line 709]
Event: 0.664 Thread 0x000000001b5b5000 Exception <a 'sun/nio/fs/WindowsException'> (0x00000007808a0f28) thrown at [C:\re\workspace\8-2-build-windows-amd64-cygwin\jdk8u171\10807\hotspot\src\share\vm\prims\jni.cpp, line 709]
Event: 0.664 Thread 0x000000001b5b5000 Exception <a 'sun/nio/fs/WindowsException'> (0x00000007808a1ad0) thrown at [C:\re\workspace\8-2-build-windows-amd64-cygwin\jdk8u171\10807\hotspot\src\share\vm\prims\jni.cpp, line 709]
Event: 0.664 Thread 0x000000001b5b5000 Exception <a 'sun/nio/fs/WindowsException'> (0x00000007808a20e8) thrown at [C:\re\workspace\8-2-build-windows-amd64-cygwin\jdk8u171\10807\hotspot\src\share\vm\prims\jni.cpp, line 709]
Event: 1.022 Thread 0x000000001b5b5000 Exception <a 'java/io/FileNotFoundException'> (0x0000000780f82ab8) thrown at [C:\re\workspace\8-2-build-windows-amd64-cygwin\jdk8u171\10807\hotspot\src\share\vm\prims\jni.cpp, line 709]
Event: 1.030 Thread 0x000000001b5b5000 Exception <a 'java/lang/ArrayIndexOutOfBoundsException': 20> (0x0000000780f85708) thrown at [C:\re\workspace\8-2-build-windows-amd64-cygwin\jdk8u171\10807\hotspot\src\share\vm\interpreter\interpreterRuntime.cpp, line 366]

Events (10 events):
Event: 1.030 loading class java/lang/reflect/GenericArrayType
Event: 1.031 loading class java/lang/reflect/GenericArrayType done
Event: 1.031 loading class java/lang/Throwable$WrappedPrintStream
Event: 1.031 loading class java/lang/Throwable$PrintStreamOrWriter
Event: 1.031 loading class java/lang/Throwable$PrintStreamOrWriter done
Event: 1.031 loading class java/lang/Throwable$WrappedPrintStream done
Event: 1.031 loading class java/util/IdentityHashMap
Event: 1.031 loading class java/util/IdentityHashMap done
Event: 1.031 loading class java/util/IdentityHashMap$KeySet
Event: 1.031 loading class java/util/IdentityHashMap$KeySet done


Dynamic libraries:
0x00007ff64ede0000 - 0x00007ff64ee17000 	C:\Program Files\Java\jre1.8.0_171\bin\javaw.exe
0x00007ffa7e7b0000 - 0x00007ffa7e991000 	C:\WINDOWS\SYSTEM32\ntdll.dll
0x00007ffa7c810000 - 0x00007ffa7c8c2000 	C:\WINDOWS\System32\KERNEL32.DLL
0x00007ffa7b9c0000 - 0x00007ffa7bc33000 	C:\WINDOWS\System32\KERNELBASE.dll
0x00007ffa7e4f0000 - 0x00007ffa7e591000 	C:\WINDOWS\System32\ADVAPI32.dll
0x00007ffa7c490000 - 0x00007ffa7c52e000 	C:\WINDOWS\System32\msvcrt.dll
0x00007ffa7c430000 - 0x00007ffa7c48b000 	C:\WINDOWS\System32\sechost.dll
0x00007ffa7c610000 - 0x00007ffa7c734000 	C:\WINDOWS\System32\RPCRT4.dll
0x00007ffa7c070000 - 0x00007ffa7c200000 	C:\WINDOWS\System32\USER32.dll
0x00007ffa7b600000 - 0x00007ffa7b620000 	C:\WINDOWS\System32\win32u.dll
0x00007ffa7c300000 - 0x00007ffa7c328000 	C:\WINDOWS\System32\GDI32.dll
0x00007ffa7b620000 - 0x00007ffa7b7b2000 	C:\WINDOWS\System32\gdi32full.dll
0x00007ffa7b920000 - 0x00007ffa7b9bf000 	C:\WINDOWS\System32\msvcp_win.dll
0x00007ffa7b7c0000 - 0x00007ffa7b8ba000 	C:\WINDOWS\System32\ucrtbase.dll
0x00007ffa61670000 - 0x00007ffa618d9000 	C:\WINDOWS\WinSxS\amd64_microsoft.windows.common-controls_6595b64144ccf1df_6.0.17134.228_none_fb4599993062b194\COMCTL32.dll
0x00007ffa7bd40000 - 0x00007ffa7c063000 	C:\WINDOWS\System32\combase.dll
0x00007ffa7b580000 - 0x00007ffa7b5fa000 	C:\WINDOWS\System32\bcryptPrimitives.dll
0x00007ffa7c400000 - 0x00007ffa7c42d000 	C:\WINDOWS\System32\IMM32.DLL
0x0000000054d80000 - 0x0000000054e52000 	C:\Program Files\Java\jre1.8.0_171\bin\msvcr100.dll
0x0000000056dc0000 - 0x0000000057660000 	C:\Program Files\Java\jre1.8.0_171\bin\server\jvm.dll
0x00007ffa7c590000 - 0x00007ffa7c598000 	C:\WINDOWS\System32\PSAPI.DLL
0x00007ffa6d4c0000 - 0x00007ffa6d4c9000 	C:\WINDOWS\SYSTEM32\WSOCK32.dll
0x00007ffa7c5a0000 - 0x00007ffa7c60c000 	C:\WINDOWS\System32\WS2_32.dll
0x00007ffa6d980000 - 0x00007ffa6d9a3000 	C:\WINDOWS\SYSTEM32\WINMM.dll
0x00007ffa717a0000 - 0x00007ffa717aa000 	C:\WINDOWS\SYSTEM32\VERSION.dll
0x00007ffa6d490000 - 0x00007ffa6d4ba000 	C:\WINDOWS\SYSTEM32\winmmbase.dll
0x00007ffa7b340000 - 0x00007ffa7b389000 	C:\WINDOWS\System32\cfgmgr32.dll
0x0000000056db0000 - 0x0000000056dbf000 	C:\Program Files\Java\jre1.8.0_171\bin\verify.dll
0x0000000056d80000 - 0x0000000056da9000 	C:\Program Files\Java\jre1.8.0_171\bin\java.dll
0x0000000056d60000 - 0x0000000056d76000 	C:\Program Files\Java\jre1.8.0_171\bin\zip.dll
0x00007ffa7d0b0000 - 0x00007ffa7e4f0000 	C:\WINDOWS\System32\SHELL32.dll
0x00007ffa7c760000 - 0x00007ffa7c809000 	C:\WINDOWS\System32\shcore.dll
0x00007ffa7ac30000 - 0x00007ffa7b33d000 	C:\WINDOWS\System32\windows.storage.dll
0x00007ffa7d040000 - 0x00007ffa7d091000 	C:\WINDOWS\System32\shlwapi.dll
0x00007ffa7aae0000 - 0x00007ffa7aaf1000 	C:\WINDOWS\System32\kernel.appcore.dll
0x00007ffa7ab60000 - 0x00007ffa7ab7f000 	C:\WINDOWS\System32\profapi.dll
0x00007ffa7ab10000 - 0x00007ffa7ab5c000 	C:\WINDOWS\System32\powrprof.dll
0x00007ffa7ab00000 - 0x00007ffa7ab0a000 	C:\WINDOWS\System32\FLTLIB.DLL
0x00007ffa56500000 - 0x00007ffa5655b000 	D:\workspace\java\fancyEngine\lib\jars\lwjgl3\lwjgl\lwjgl.dll
0x0000000056d40000 - 0x0000000056d5a000 	C:\Program Files\Java\jre1.8.0_171\bin\net.dll
0x00007ffa7a340000 - 0x00007ffa7a3a6000 	C:\WINDOWS\system32\mswsock.dll
0x0000000056d20000 - 0x0000000056d31000 	C:\Program Files\Java\jre1.8.0_171\bin\nio.dll
0x00007ffa55d70000 - 0x00007ffa55dc1000 	D:\workspace\java\fancyEngine\lib\jars\lwjgl3\lwjgl-glfw\glfw.dll
0x00007ffa79180000 - 0x00007ffa79218000 	C:\WINDOWS\system32\uxtheme.dll
0x00007ffa52570000 - 0x00007ffa525b3000 	C:\WINDOWS\SYSTEM32\dinput8.dll
0x00007ffa730f0000 - 0x00007ffa73100000 	C:\WINDOWS\SYSTEM32\xinput1_4.dll
0x00007ffa7a8c0000 - 0x00007ffa7a8e7000 	C:\WINDOWS\SYSTEM32\DEVOBJ.dll
0x00007ffa6cab0000 - 0x00007ffa6cb29000 	C:\WINDOWS\SYSTEM32\inputhost.dll
0x00007ffa74d90000 - 0x00007ffa74edd000 	C:\WINDOWS\SYSTEM32\wintypes.dll
0x00007ffa783d0000 - 0x00007ffa784aa000 	C:\WINDOWS\SYSTEM32\CoreMessaging.dll
0x00007ffa6c480000 - 0x00007ffa6c79e000 	C:\WINDOWS\SYSTEM32\CoreUIComponents.dll
0x00007ffa79bb0000 - 0x00007ffa79be1000 	C:\WINDOWS\SYSTEM32\ntmarta.dll
0x00007ffa79250000 - 0x00007ffa79279000 	C:\WINDOWS\SYSTEM32\dwmapi.dll
0x00007ffa7cec0000 - 0x00007ffa7d035000 	C:\WINDOWS\System32\MSCTF.dll
0x00007ffa7c330000 - 0x00007ffa7c3f2000 	C:\WINDOWS\System32\OLEAUT32.dll
0x0000000056b00000 - 0x0000000056b3c000 	C:\Fraps\fraps64.dll
0x00007ffa797f0000 - 0x00007ffa797fc000 	C:\WINDOWS\SYSTEM32\HID.DLL
0x00007ffa7c8d0000 - 0x00007ffa7cd1b000 	C:\WINDOWS\System32\SETUPAPI.DLL
0x00007ffa7b8c0000 - 0x00007ffa7b917000 	C:\WINDOWS\System32\WINTRUST.dll
0x00007ffa7aac0000 - 0x00007ffa7aad2000 	C:\WINDOWS\System32\MSASN1.dll
0x00007ffa7b390000 - 0x00007ffa7b572000 	C:\WINDOWS\System32\CRYPT32.dll
0x00007ffa45dd0000 - 0x00007ffa45ef0000 	C:\WINDOWS\SYSTEM32\opengl32.dll
0x00007ffa49510000 - 0x00007ffa4953c000 	C:\WINDOWS\SYSTEM32\GLU32.dll
0x00007ffa68520000 - 0x00007ffa68538000 	C:\WINDOWS\SYSTEM32\atig6pxx.dll
0x0000000052f80000 - 0x0000000054d80000 	C:\WINDOWS\SYSTEM32\atio6axx.dll
0x00007ffa51bd0000 - 0x00007ffa51d11000 	C:\WINDOWS\SYSTEM32\atiadlxx.dll
0x00007ffa7e620000 - 0x00007ffa7e771000 	C:\WINDOWS\System32\ole32.dll
0x00007ffa75e10000 - 0x00007ffa75fc4000 	C:\WINDOWS\SYSTEM32\PROPSYS.dll
0x00007ffa7a9f0000 - 0x00007ffa7aa18000 	C:\WINDOWS\SYSTEM32\USERENV.dll
0x00007ffa76fd0000 - 0x00007ffa76fe3000 	C:\WINDOWS\SYSTEM32\WTSAPI32.dll
0x00007ffa7a060000 - 0x00007ffa7a098000 	C:\WINDOWS\SYSTEM32\IPHLPAPI.DLL
0x00007ffa60000000 - 0x00007ffa6002c000 	C:\WINDOWS\SYSTEM32\atig6txx.dll
0x00007ffa79880000 - 0x00007ffa7993b000 	C:\WINDOWS\SYSTEM32\dxgi.dll
0x00007ffa77950000 - 0x00007ffa77c5b000 	C:\WINDOWS\SYSTEM32\d3d11.dll
0x00007ffa6a410000 - 0x00007ffa6a577000 	C:\WINDOWS\SYSTEM32\aticfx64.dll
0x00007ffa6a3e0000 - 0x00007ffa6a408000 	C:\WINDOWS\SYSTEM32\atiuxp64.dll
0x00007ffa69880000 - 0x00007ffa6a3df000 	C:\WINDOWS\SYSTEM32\atidxx64.dll
0x00007ffa6ca10000 - 0x00007ffa6caa7000 	C:\WINDOWS\System32\TextInputFramework.dll
0x00007ffa50d00000 - 0x00007ffa50d5f000 	D:\workspace\java\fancyEngine\lib\jars\lwjgl3\lwjgl-opengl\lwjgl_opengl.dll
0x00007ffa75c40000 - 0x00007ffa75e09000 	C:\WINDOWS\SYSTEM32\dbghelp.dll

VM Arguments:
jvm_args: -Djava.library.path=D:\workspace\java\fancyEngine\lib\jars\lwjgl3\lwjgl;D:\workspace\java\fancyEngine\lib\jars\lwjgl3\lwjgl-assimp;D:\workspace\java\fancyEngine\lib\jars\lwjgl3\lwjgl-glfw;D:\workspace\java\fancyEngine\lib\jars\lwjgl3\lwjgl-openal;D:\workspace\java\fancyEngine\lib\jars\lwjgl3\lwjgl-opengl;D:\workspace\java\fancyEngine\lib\jars\lwjgl3\lwjgl-stb;D:\workspace\java\fancyEngine\lib\jars\lwjgl3\lwjgl-nanovg -Dfile.encoding=UTF-8 
java_command: game.Main
java_class_path (initial): C:\Program Files\Java\jre1.8.0_171\lib\resources.jar;C:\Program Files\Java\jre1.8.0_171\lib\rt.jar;C:\Program Files\Java\jre1.8.0_171\lib\jsse.jar;C:\Program Files\Java\jre1.8.0_171\lib\jce.jar;C:\Program Files\Java\jre1.8.0_171\lib\charsets.jar;C:\Program Files\Java\jre1.8.0_171\lib\jfr.jar;C:\Program Files\Java\jre1.8.0_171\lib\ext\access-bridge-64.jar;C:\Program Files\Java\jre1.8.0_171\lib\ext\cldrdata.jar;C:\Program Files\Java\jre1.8.0_171\lib\ext\dnsns.jar;C:\Program Files\Java\jre1.8.0_171\lib\ext\jaccess.jar;C:\Program Files\Java\jre1.8.0_171\lib\ext\jfxrt.jar;C:\Program Files\Java\jre1.8.0_171\lib\ext\localedata.jar;C:\Program Files\Java\jre1.8.0_171\lib\ext\nashorn.jar;C:\Program Files\Java\jre1.8.0_171\lib\ext\sunec.jar;C:\Program Files\Java\jre1.8.0_171\lib\ext\sunjce_provider.jar;C:\Program Files\Java\jre1.8.0_171\lib\ext\sunmscapi.jar;C:\Program Files\Java\jre1.8.0_171\lib\ext\sunpkcs11.jar;C:\Program Files\Java\jre1.8.0_171\lib\ext\zipfs.jar;D:\workspace\java\fancyEngine\bin;D:\workspace\java\fancyEngine\lib\jars\joml\joml-1.9.9.jar;D:\workspace\java\fancyEngine\lib\jars\lwjgl3\lwjgl\lwjgl.jar;D:\workspace\java\fancyEngine\lib\jars\lwjgl3\lwjgl-assimp\lwjgl-assimp.jar;D:\workspace\java\fancyEngine\lib\jars\lwjgl3\lwjgl-glfw\lwjgl-glfw.jar;D:\workspace\java\fancyEngine\lib\jars\lwjgl3\lwjgl-openal\lwjgl-openal.jar;D:\workspace\java\fancyEngine\lib\jars\lwjgl3\lwjgl-opengl\lwjgl-opengl.jar;D:\workspace\java\fancyEngine\lib\jars\lwjgl3\lwjgl-stb\lwjgl-stb.jar;D:\workspace\java\fancyEngine\lib\jars\PNGDecoder.jar;D:\workspace\java\fancyEngine\lib\jars\lwjgl3\lwjgl-nanovg\lwjgl-nanovg.jar
Launcher Type: SUN_STANDARD

Environment Variables:
JAVA_HOME=C:\Program Files\Java\jdk1.8.0_152
PATH=C:/Program Files/Java/jre1.8.0_171/bin/server;C:/Program Files/Java/jre1.8.0_171/bin;C:/Program Files/Java/jre1.8.0_171/lib/amd64;C:\Program Files (x86)\Common Files\Oracle\Java\javapath;C:\ProgramData\Oracle\Java\javapath;C:\WINDOWS\system32;C:\WINDOWS;C:\WINDOWS\System32\Wbem;C:\WINDOWS\System32\WindowsPowerShell\v1.0\;C:\Program Files (x86)\ATI Technologies\ATI.ACE\Core-Static;C:\Program Files\TortoiseSVN\bin;C:\Program Files\PuTTY\;C:\Program Files (x86);C:\Program Files (x86)\IVI Foundation\VISA\WinNT\Bin;C:\Program Files\Git\cmd;C:\Program Files\nodejs\;D:\Android\Sdk\platform-tools;C:\Program Files\TortoiseGit\bin;C:\Program Files (x86)\Windows Kits\10\Windows Performance Toolkit\;C:\Program Files (x86)\Windows Kits\8.1\Windows Performance Toolkit\;C:\HashiCorp\Vagrant\bin;C:\WINDOWS\System32\OpenSSH\;D:\Python\Python36\Scripts\;D:\Python\Python36\;C:\Users\dtrajko\AppData\Local\Microsoft\WindowsApps;C:\Users\dtrajko\AppData\Roaming\npm;C:\Program Files\CMake\bin;C:\Users\dtrajko\Desktop;
USERNAME=Dejan Trajkovic
OS=Windows_NT
PROCESSOR_IDENTIFIER=Intel64 Family 6 Model 30 Stepping 5, GenuineIntel



---------------  S Y S T E M  ---------------

OS: Windows 10.0 , 64 bit Build 17134 (10.0.17134.1)

CPU:total 4 (initial active 4) (4 cores per cpu, 1 threads per core) family 6 model 30 stepping 5, cmov, cx8, fxsr, mmx, sse, sse2, sse3, ssse3, sse4.1, sse4.2, popcnt, tsc, tscinvbit

Memory: 4k page, physical 12578284k(3417268k free), swap 18047108k(2705540k free)

vm_info: Java HotSpot(TM) 64-Bit Server VM (25.171-b11) for windows-amd64 JRE (1.8.0_171-b11), built on Mar 28 2018 16:06:12 by "java_re" with MS VC++ 10.0 (VS2010)

time: Sat Aug 18 04:38:31 2018
elapsed time: 1 seconds (0d 0h 0m 1s)

